<?xml version="1.0" encoding="UTF-8" ?>
<testsuite tests="2" failures="0" name="com.k.cs.SpringTest" time="1.027" errors="0" skipped="2">
  <properties>
[...]
</properties>
  <testcase classname="com.k.cs.SpringTest" name="test" time="0.512">
    <skipped/>
    <system-out>21-01-09 09:54:17,328 [,,] [main] DEBUG o.s.t.c.j.SpringJUnit4ClassRunner(SpringJUnit4ClassRunner.java:139) ## SpringJUnit4ClassRunner constructor called with [class com.k.cs.SpringTest]
21-01-09 09:54:17,328 [,,] [main] DEBUG o.s.t.c.BootstrapUtils(BootstrapUtils.java:96) ## Instantiating CacheAwareContextLoaderDelegate from class [org.springframework.test.context.cache.DefaultCacheAwareContextLoaderDelegate]
21-01-09 09:54:17,329 [,,] [main] DEBUG o.s.t.c.BootstrapUtils(BootstrapUtils.java:79) ## Instantiating BootstrapContext using constructor [public org.springframework.test.context.support.DefaultBootstrapContext(java.lang.Class,org.springframework.test.context.CacheAwareContextLoaderDelegate)]
21-01-09 09:54:17,340 [,,] [main] DEBUG o.s.t.c.BootstrapUtils(BootstrapUtils.java:132) ## Instantiating TestContextBootstrapper for test class [com.k.cs.SpringTest] from class [org.springframework.boot.test.context.SpringBootTestContextBootstrapper]
21-01-09 09:54:17,365 [,,] [main] INFO  o.s.b.t.c.SpringBootTestContextBootstrapper(AbstractTestContextBootstrapper.java:308) ## Neither @ContextConfiguration nor @ContextHierarchy found for test class [com.k.cs.SpringTest], using SpringBootContextLoader
21-01-09 09:54:17,372 [,,] [main] DEBUG o.s.t.c.s.AbstractContextLoader(AbstractContextLoader.java:258) ## Did not detect default resource location for test class [com.k.cs.SpringTest]: class path resource [com/k/cs/SpringTest-context.xml] does not exist
21-01-09 09:54:17,375 [,,] [main] DEBUG o.s.t.c.s.AbstractContextLoader(AbstractContextLoader.java:258) ## Did not detect default resource location for test class [com.k.cs.SpringTest]: class path resource [com/k/cs/SpringTestContext.groovy] does not exist
21-01-09 09:54:17,375 [,,] [main] INFO  o.s.t.c.s.AbstractContextLoader(AbstractContextLoader.java:264) ## Could not detect default resource locations for test class [com.k.cs.SpringTest]: no resource found for suffixes {-context.xml, Context.groovy}.
21-01-09 09:54:17,386 [,,] [main] DEBUG o.s.t.c.s.ActiveProfilesUtils(ActiveProfilesUtils.java:79) ## Could not find an &apos;annotation declaring class&apos; for annotation type [org.springframework.test.context.ActiveProfiles] and class [com.k.cs.SpringTest]
21-01-09 09:54:17,735 [,,] [main] DEBUG o.s.b.t.c.SpringBootTestContextBootstrapper(AbstractTestContextBootstrapper.java:125) ## @TestExecutionListeners is not present for class [com.k.cs.SpringTest]: using defaults.
21-01-09 09:54:17,736 [,,] [main] INFO  o.s.b.t.c.SpringBootTestContextBootstrapper(AbstractTestContextBootstrapper.java:248) ## Loaded default TestExecutionListener class names from location [META-INF/spring.factories]: [org.springframework.boot.test.mock.mockito.MockitoTestExecutionListener, org.springframework.boot.test.mock.mockito.ResetMocksTestExecutionListener, org.springframework.boot.test.autoconfigure.restdocs.RestDocsTestExecutionListener, org.springframework.boot.test.autoconfigure.web.client.MockRestServiceServerResetTestExecutionListener, org.springframework.boot.test.autoconfigure.web.servlet.MockMvcPrintOnlyOnFailureTestExecutionListener, org.springframework.boot.test.autoconfigure.web.servlet.WebDriverTestExecutionListener, org.springframework.boot.test.autoconfigure.webservices.client.MockWebServiceServerTestExecutionListener, org.springframework.test.context.web.ServletTestExecutionListener, org.springframework.test.context.support.DirtiesContextBeforeModesTestExecutionListener, org.springframework.test.context.support.DependencyInjectionTestExecutionListener, org.springframework.test.context.support.DirtiesContextTestExecutionListener, org.springframework.test.context.transaction.TransactionalTestExecutionListener, org.springframework.test.context.jdbc.SqlScriptsTestExecutionListener, org.springframework.test.context.event.EventPublishingTestExecutionListener]
21-01-09 09:54:17,767 [,,] [main] DEBUG o.s.b.t.c.SpringBootTestContextBootstrapper(AbstractTestContextBootstrapper.java:192) ## Skipping candidate TestExecutionListener [org.springframework.test.context.transaction.TransactionalTestExecutionListener] due to a missing dependency. Specify custom listener classes or make the default listener classes and their required dependencies available. Offending class: [org/springframework/transaction/TransactionDefinition]
21-01-09 09:54:17,791 [,,] [main] DEBUG o.s.b.t.c.SpringBootTestContextBootstrapper(AbstractTestContextBootstrapper.java:192) ## Skipping candidate TestExecutionListener [org.springframework.test.context.jdbc.SqlScriptsTestExecutionListener] due to a missing dependency. Specify custom listener classes or make the default listener classes and their required dependencies available. Offending class: [org/springframework/transaction/interceptor/TransactionAttribute]
21-01-09 09:54:17,795 [,,] [main] INFO  o.s.b.t.c.SpringBootTestContextBootstrapper(AbstractTestContextBootstrapper.java:177) ## Using TestExecutionListeners: [org.springframework.test.context.web.ServletTestExecutionListener@27dc79f7, org.springframework.test.context.support.DirtiesContextBeforeModesTestExecutionListener@6b85300e, org.springframework.boot.test.mock.mockito.MockitoTestExecutionListener@3aaf4f07, org.springframework.boot.test.autoconfigure.SpringBootDependencyInjectionTestExecutionListener@5cbf9e9f, org.springframework.test.context.support.DirtiesContextTestExecutionListener@18e8473e, org.springframework.test.context.event.EventPublishingTestExecutionListener@5a2f016d, org.springframework.boot.test.mock.mockito.ResetMocksTestExecutionListener@1a38ba58, org.springframework.boot.test.autoconfigure.restdocs.RestDocsTestExecutionListener@3ad394e6, org.springframework.boot.test.autoconfigure.web.client.MockRestServiceServerResetTestExecutionListener@6058e535, org.springframework.boot.test.autoconfigure.web.servlet.MockMvcPrintOnlyOnFailureTestExecutionListener@42deb43a, org.springframework.boot.test.autoconfigure.web.servlet.WebDriverTestExecutionListener@1deb2c43, org.springframework.boot.test.autoconfigure.webservices.client.MockWebServiceServerTestExecutionListener@3bb9efbc]
21-01-09 09:54:17,798 [,,] [main] DEBUG o.s.t.a.ProfileValueUtils(ProfileValueUtils.java:70) ## Retrieved @ProfileValueSourceConfiguration [null] for test class [com.k.cs.SpringTest]
21-01-09 09:54:17,799 [,,] [main] DEBUG o.s.t.a.ProfileValueUtils(ProfileValueUtils.java:83) ## Retrieved ProfileValueSource type [class org.springframework.test.annotation.SystemProfileValueSource] for class [com.k.cs.SpringTest]
21-01-09 09:54:17,800 [,,] [main] DEBUG o.s.t.a.ProfileValueUtils(ProfileValueUtils.java:70) ## Retrieved @ProfileValueSourceConfiguration [null] for test class [com.k.cs.SpringTest]
21-01-09 09:54:17,801 [,,] [main] DEBUG o.s.t.a.ProfileValueUtils(ProfileValueUtils.java:83) ## Retrieved ProfileValueSource type [class org.springframework.test.annotation.SystemProfileValueSource] for class [com.k.cs.SpringTest]
21-01-09 09:54:17,802 [,,] [main] DEBUG o.s.t.a.ProfileValueUtils(ProfileValueUtils.java:70) ## Retrieved @ProfileValueSourceConfiguration [null] for test class [com.k.cs.SpringTest]
21-01-09 09:54:17,803 [,,] [main] DEBUG o.s.t.a.ProfileValueUtils(ProfileValueUtils.java:83) ## Retrieved ProfileValueSource type [class org.springframework.test.annotation.SystemProfileValueSource] for class [com.k.cs.SpringTest]
21-01-09 09:54:17,804 [,,] [main] DEBUG o.s.t.a.ProfileValueUtils(ProfileValueUtils.java:70) ## Retrieved @ProfileValueSourceConfiguration [null] for test class [com.k.cs.SpringTest]
21-01-09 09:54:17,805 [,,] [main] DEBUG o.s.t.a.ProfileValueUtils(ProfileValueUtils.java:83) ## Retrieved ProfileValueSource type [class org.springframework.test.annotation.SystemProfileValueSource] for class [com.k.cs.SpringTest]
</system-out>
  </testcase>
  <testcase classname="com.k.cs.SpringTest" name="async" time="0.515">
    <skipped/>
  </testcase>
</testsuite>