<?xml version="1.0" encoding="UTF-8" ?>
<testsuite tests="1" failures="0" name="com.k.cs.SpringAnnoTest" time="2.351" errors="0" skipped="1">
  <properties>
[...]
</properties>
  <testcase classname="com.k.cs.SpringAnnoTest" name="test" time="2.351">
    <skipped/>
    <system-out>21-01-09 09:54:16,721 [,,] [main] DEBUG o.s.t.c.j.SpringJUnit4ClassRunner(SpringJUnit4ClassRunner.java:139) ## SpringJUnit4ClassRunner constructor called with [class com.k.cs.SpringAnnoTest]
21-01-09 09:54:16,733 [,,] [main] DEBUG o.s.t.c.BootstrapUtils(BootstrapUtils.java:96) ## Instantiating CacheAwareContextLoaderDelegate from class [org.springframework.test.context.cache.DefaultCacheAwareContextLoaderDelegate]
21-01-09 09:54:16,749 [,,] [main] DEBUG o.s.t.c.BootstrapUtils(BootstrapUtils.java:79) ## Instantiating BootstrapContext using constructor [public org.springframework.test.context.support.DefaultBootstrapContext(java.lang.Class,org.springframework.test.context.CacheAwareContextLoaderDelegate)]
21-01-09 09:54:16,833 [,,] [main] DEBUG o.s.t.c.BootstrapUtils(BootstrapUtils.java:132) ## Instantiating TestContextBootstrapper for test class [com.k.cs.SpringAnnoTest] from class [org.springframework.test.context.support.DefaultTestContextBootstrapper]
21-01-09 09:54:16,942 [,,] [main] DEBUG o.s.t.c.s.AbstractDelegatingSmartContextLoader(AbstractDelegatingSmartContextLoader.java:263) ## Delegating to AnnotationConfigContextLoader to process context configuration [ContextConfigurationAttributes@765f05af declaringClass = &apos;com.k.cs.SpringAnnoTest&apos;, classes = &apos;{class com.k.spring.boot.control.BootControl}&apos;, locations = &apos;{}&apos;, inheritLocations = true, initializers = &apos;{}&apos;, inheritInitializers = true, name = [null], contextLoaderClass = &apos;org.springframework.test.context.ContextLoader&apos;].
21-01-09 09:54:17,196 [,,] [main] DEBUG o.s.t.c.s.ActiveProfilesUtils(ActiveProfilesUtils.java:79) ## Could not find an &apos;annotation declaring class&apos; for annotation type [org.springframework.test.context.ActiveProfiles] and class [com.k.cs.SpringAnnoTest]
21-01-09 09:54:17,197 [,,] [main] DEBUG o.s.t.c.s.DefaultTestContextBootstrapper(AbstractTestContextBootstrapper.java:125) ## @TestExecutionListeners is not present for class [com.k.cs.SpringAnnoTest]: using defaults.
21-01-09 09:54:17,198 [,,] [main] INFO  o.s.t.c.s.DefaultTestContextBootstrapper(AbstractTestContextBootstrapper.java:248) ## Loaded default TestExecutionListener class names from location [META-INF/spring.factories]: [org.springframework.boot.test.mock.mockito.MockitoTestExecutionListener, org.springframework.boot.test.mock.mockito.ResetMocksTestExecutionListener, org.springframework.boot.test.autoconfigure.restdocs.RestDocsTestExecutionListener, org.springframework.boot.test.autoconfigure.web.client.MockRestServiceServerResetTestExecutionListener, org.springframework.boot.test.autoconfigure.web.servlet.MockMvcPrintOnlyOnFailureTestExecutionListener, org.springframework.boot.test.autoconfigure.web.servlet.WebDriverTestExecutionListener, org.springframework.boot.test.autoconfigure.webservices.client.MockWebServiceServerTestExecutionListener, org.springframework.test.context.web.ServletTestExecutionListener, org.springframework.test.context.support.DirtiesContextBeforeModesTestExecutionListener, org.springframework.test.context.support.DependencyInjectionTestExecutionListener, org.springframework.test.context.support.DirtiesContextTestExecutionListener, org.springframework.test.context.transaction.TransactionalTestExecutionListener, org.springframework.test.context.jdbc.SqlScriptsTestExecutionListener, org.springframework.test.context.event.EventPublishingTestExecutionListener]
21-01-09 09:54:17,222 [,,] [main] DEBUG o.s.t.c.s.DefaultTestContextBootstrapper(AbstractTestContextBootstrapper.java:192) ## Skipping candidate TestExecutionListener [org.springframework.test.context.transaction.TransactionalTestExecutionListener] due to a missing dependency. Specify custom listener classes or make the default listener classes and their required dependencies available. Offending class: [org/springframework/transaction/TransactionDefinition]
21-01-09 09:54:17,223 [,,] [main] DEBUG o.s.t.c.s.DefaultTestContextBootstrapper(AbstractTestContextBootstrapper.java:192) ## Skipping candidate TestExecutionListener [org.springframework.test.context.jdbc.SqlScriptsTestExecutionListener] due to a missing dependency. Specify custom listener classes or make the default listener classes and their required dependencies available. Offending class: [org/springframework/transaction/interceptor/TransactionAttribute]
21-01-09 09:54:17,224 [,,] [main] INFO  o.s.t.c.s.DefaultTestContextBootstrapper(AbstractTestContextBootstrapper.java:177) ## Using TestExecutionListeners: [org.springframework.test.context.web.ServletTestExecutionListener@485a3466, org.springframework.test.context.support.DirtiesContextBeforeModesTestExecutionListener@25748410, org.springframework.boot.test.mock.mockito.MockitoTestExecutionListener@2b43529a, org.springframework.test.context.support.DependencyInjectionTestExecutionListener@4264b240, org.springframework.test.context.support.DirtiesContextTestExecutionListener@5b04476e, org.springframework.test.context.event.EventPublishingTestExecutionListener@5ad10c1a, org.springframework.boot.test.mock.mockito.ResetMocksTestExecutionListener@6bb75258, org.springframework.boot.test.autoconfigure.restdocs.RestDocsTestExecutionListener@c260bdc, org.springframework.boot.test.autoconfigure.web.client.MockRestServiceServerResetTestExecutionListener@75e01201, org.springframework.boot.test.autoconfigure.web.servlet.MockMvcPrintOnlyOnFailureTestExecutionListener@2783717b, org.springframework.boot.test.autoconfigure.web.servlet.WebDriverTestExecutionListener@76f7d241, org.springframework.boot.test.autoconfigure.webservices.client.MockWebServiceServerTestExecutionListener@4a335fa8]
21-01-09 09:54:17,232 [,,] [main] DEBUG o.s.t.a.ProfileValueUtils(ProfileValueUtils.java:70) ## Retrieved @ProfileValueSourceConfiguration [null] for test class [com.k.cs.SpringAnnoTest]
21-01-09 09:54:17,234 [,,] [main] DEBUG o.s.t.a.ProfileValueUtils(ProfileValueUtils.java:83) ## Retrieved ProfileValueSource type [class org.springframework.test.annotation.SystemProfileValueSource] for class [com.k.cs.SpringAnnoTest]
21-01-09 09:54:17,245 [,,] [main] DEBUG o.s.t.a.ProfileValueUtils(ProfileValueUtils.java:70) ## Retrieved @ProfileValueSourceConfiguration [null] for test class [com.k.cs.SpringAnnoTest]
21-01-09 09:54:17,247 [,,] [main] DEBUG o.s.t.a.ProfileValueUtils(ProfileValueUtils.java:83) ## Retrieved ProfileValueSource type [class org.springframework.test.annotation.SystemProfileValueSource] for class [com.k.cs.SpringAnnoTest]
21-01-09 09:54:17,249 [,,] [main] DEBUG o.s.t.a.ProfileValueUtils(ProfileValueUtils.java:70) ## Retrieved @ProfileValueSourceConfiguration [null] for test class [com.k.cs.SpringAnnoTest]
21-01-09 09:54:17,250 [,,] [main] DEBUG o.s.t.a.ProfileValueUtils(ProfileValueUtils.java:83) ## Retrieved ProfileValueSource type [class org.springframework.test.annotation.SystemProfileValueSource] for class [com.k.cs.SpringAnnoTest]
21-01-09 09:54:17,252 [,,] [main] DEBUG o.s.t.a.ProfileValueUtils(ProfileValueUtils.java:70) ## Retrieved @ProfileValueSourceConfiguration [null] for test class [com.k.cs.SpringAnnoTest]
21-01-09 09:54:17,268 [,,] [main] DEBUG o.s.t.a.ProfileValueUtils(ProfileValueUtils.java:83) ## Retrieved ProfileValueSource type [class org.springframework.test.annotation.SystemProfileValueSource] for class [com.k.cs.SpringAnnoTest]
</system-out>
  </testcase>
</testsuite>